<?xml version="1.0" encoding="UTF-8"?>
<!-- Generated by org.testng.reporters.JUnitXMLReporter -->
<testsuite hostname="PC0641" ignored="0" name="AddCorporate" tests="3" failures="1" timestamp="12 Mar 2020 11:54:32 GMT" time="0.062" errors="0">
  <testcase name="customer_1_Details" time="0.018" classname="packageCustomer.Customer">
    <failure type="java.lang.AssertionError" message="null">
      <![CDATA[java.lang.AssertionError: null
at packageCustomer.Customer.customer_1_Details(Customer.java:11)
... Removed 27 stack frames]]>
    </failure>
  </testcase> <!-- customer_1_Details -->
  <testcase name="customer_2_Details" time="0.002" classname="packageCustomer.Customer"/>
  <testcase name="customer_3_Details" time="0.001" classname="packageCustomer.Customer"/>
</testsuite> <!-- AddCorporate -->
