<?xml version="1.0" encoding="UTF-8"?>
<!-- Generated by org.testng.reporters.JUnitXMLReporter -->
<testsuite hostname="PC0641" ignored="0" name="AddCorporate" tests="3" failures="0" timestamp="17 Mar 2020 09:28:32 GMT" time="9.774" errors="0">
  <testcase name="launchBrowserAndOpenURL" time="6.337" classname="packageCustomer.Customer"/>
  <testcase name="performLogin" time="3.297" classname="packageCustomer.Customer"/>
  <testcase name="closingBrowser" time="0.093" classname="packageCustomer.Customer"/>
</testsuite> <!-- AddCorporate -->
