<?xml version="1.0" encoding="UTF-8"?>
<!-- Generated by org.testng.reporters.JUnitXMLReporter -->
<testsuite hostname="PC0641" ignored="0" name="Default test" tests="3" failures="0" timestamp="13 Mar 2020 11:14:02 GMT" time="9.082" errors="0">
  <testcase name="launchBrowserAndOpenURL" time="5.749" classname="packageCustomer.Customer"/>
  <testcase name="performLogin" time="3.176" classname="packageCustomer.Customer"/>
  <testcase name="closingBrowser" time="0.119" classname="packageCustomer.Customer"/>
</testsuite> <!-- Default test -->
