<?xml version="1.0" encoding="UTF-8"?>
<testng-results skipped="0" failed="0" ignored="0" total="1" passed="1">
  <reporter-output>
  </reporter-output>
  <suite name="Default suite" duration-ms="30186" started-at="2020-03-24T07:26:54Z" finished-at="2020-03-24T07:27:24Z">
    <groups>
    </groups>
    <test name="Default test" duration-ms="30186" started-at="2020-03-24T07:26:54Z" finished-at="2020-03-24T07:27:24Z">
      <class name="packageCustomer.Customer">
        <test-method status="PASS" signature="launchBrowserAndOpenURL()[pri:1, instance:packageCustomer.Customer@5e5792a0]" name="launchBrowserAndOpenURL" duration-ms="30158" started-at="2020-03-24T07:26:54Z" finished-at="2020-03-24T07:27:24Z">
          <reporter-output>
          </reporter-output>
        </test-method> <!-- launchBrowserAndOpenURL -->
      </class> <!-- packageCustomer.Customer -->
    </test> <!-- Default test -->
  </suite> <!-- Default suite -->
</testng-results>
